{"numFailedTestSuites":3,"numFailedTests":5,"numPassedTestSuites":0,"numPassedTests":0,"numPendingTestSuites":0,"numPendingTests":0,"numRuntimeErrorTestSuites":2,"numTodoTests":0,"numTotalTestSuites":3,"numTotalTests":5,"openHandles":[],"snapshot":{"added":0,"didUpdate":false,"failure":false,"filesAdded":0,"filesRemoved":0,"filesRemovedList":[],"filesUnmatched":0,"filesUpdated":0,"matched":0,"total":0,"unchecked":0,"uncheckedKeysByFile":[],"unmatched":0,"updated":0},"startTime":1759443563845,"success":false,"testResults":[{"assertionResults":[{"ancestorTitles":["Auth Controller","register"],"duration":26,"failing":false,"failureDetails":[{"matcherResult":{"message":"\u001b[2mexpect(\u001b[22m\u001b[31mjest.fn()\u001b[39m\u001b[2m).\u001b[22mtoHaveBeenCalledWith\u001b[2m(\u001b[22m\u001b[32m...expected\u001b[39m\u001b[2m)\u001b[22m\n\nExpected: \u001b[32m201\u001b[39m\nReceived: \u001b[31m500\u001b[39m\n\nNumber of calls: \u001b[31m1\u001b[39m","pass":false}}],"failureMessages":["Error: \u001b[2mexpect(\u001b[22m\u001b[31mjest.fn()\u001b[39m\u001b[2m).\u001b[22mtoHaveBeenCalledWith\u001b[2m(\u001b[22m\u001b[32m...expected\u001b[39m\u001b[2m)\u001b[22m\n\nExpected: \u001b[32m201\u001b[39m\nReceived: \u001b[31m500\u001b[39m\n\nNumber of calls: \u001b[31m1\u001b[39m\n    at Object.<anonymous> (C:\\Users\\romul\\OneDrive\\Área de Trabalho\\Projetos\\Eixo6-Back\\estante-infinita-backend\\estante-infinita-backend\\src\\controllers\\authController.test.ts:32:32)"],"fullName":"Auth Controller register deve registrar um novo usuário com sucesso","invocations":1,"location":null,"numPassingAsserts":0,"retryReasons":[],"startAt":1759443567701,"status":"failed","title":"deve registrar um novo usuário com sucesso"},{"ancestorTitles":["Auth Controller","register"],"duration":4,"failing":false,"failureDetails":[{"matcherResult":{"message":"\u001b[2mexpect(\u001b[22m\u001b[31mjest.fn()\u001b[39m\u001b[2m).\u001b[22mtoHaveBeenCalledWith\u001b[2m(\u001b[22m\u001b[32m...expected\u001b[39m\u001b[2m)\u001b[22m\n\nExpected: \u001b[32m409\u001b[39m\nReceived: \u001b[31m500\u001b[39m\n\nNumber of calls: \u001b[31m1\u001b[39m","pass":false}}],"failureMessages":["Error: \u001b[2mexpect(\u001b[22m\u001b[31mjest.fn()\u001b[39m\u001b[2m).\u001b[22mtoHaveBeenCalledWith\u001b[2m(\u001b[22m\u001b[32m...expected\u001b[39m\u001b[2m)\u001b[22m\n\nExpected: \u001b[32m409\u001b[39m\nReceived: \u001b[31m500\u001b[39m\n\nNumber of calls: \u001b[31m1\u001b[39m\n    at Object.<anonymous> (C:\\Users\\romul\\OneDrive\\Área de Trabalho\\Projetos\\Eixo6-Back\\estante-infinita-backend\\estante-infinita-backend\\src\\controllers\\authController.test.ts:45:32)"],"fullName":"Auth Controller register deve retornar erro 409 se o e-mail já existir","invocations":1,"location":null,"numPassingAsserts":0,"retryReasons":[],"startAt":1759443567729,"status":"failed","title":"deve retornar erro 409 se o e-mail já existir"},{"ancestorTitles":["Auth Controller","register","login"],"duration":8,"failing":false,"failureDetails":[{"matcherResult":{"message":"\u001b[2mexpect(\u001b[22m\u001b[31mjest.fn()\u001b[39m\u001b[2m).\u001b[22mtoHaveBeenCalledWith\u001b[2m(\u001b[22m\u001b[32m...expected\u001b[39m\u001b[2m)\u001b[22m\n\nExpected: \u001b[32m200\u001b[39m\nReceived: \u001b[31m500\u001b[39m\n\nNumber of calls: \u001b[31m1\u001b[39m","pass":false}}],"failureMessages":["Error: \u001b[2mexpect(\u001b[22m\u001b[31mjest.fn()\u001b[39m\u001b[2m).\u001b[22mtoHaveBeenCalledWith\u001b[2m(\u001b[22m\u001b[32m...expected\u001b[39m\u001b[2m)\u001b[22m\n\nExpected: \u001b[32m200\u001b[39m\nReceived: \u001b[31m500\u001b[39m\n\nNumber of calls: \u001b[31m1\u001b[39m\n    at Object.<anonymous> (C:\\Users\\romul\\OneDrive\\Área de Trabalho\\Projetos\\Eixo6-Back\\estante-infinita-backend\\estante-infinita-backend\\src\\controllers\\authController.test.ts:71:36)"],"fullName":"Auth Controller register login deve autenticar o usuário e retornar um token com sucesso","invocations":1,"location":null,"numPassingAsserts":0,"retryReasons":[],"startAt":1759443567734,"status":"failed","title":"deve autenticar o usuário e retornar um token com sucesso"},{"ancestorTitles":["Auth Controller","register","login"],"duration":4,"failing":false,"failureDetails":[{"matcherResult":{"message":"\u001b[2mexpect(\u001b[22m\u001b[31mjest.fn()\u001b[39m\u001b[2m).\u001b[22mtoHaveBeenCalledWith\u001b[2m(\u001b[22m\u001b[32m...expected\u001b[39m\u001b[2m)\u001b[22m\n\nExpected: \u001b[32m401\u001b[39m\nReceived: \u001b[31m500\u001b[39m\n\nNumber of calls: \u001b[31m1\u001b[39m","pass":false}}],"failureMessages":["Error: \u001b[2mexpect(\u001b[22m\u001b[31mjest.fn()\u001b[39m\u001b[2m).\u001b[22mtoHaveBeenCalledWith\u001b[2m(\u001b[22m\u001b[32m...expected\u001b[39m\u001b[2m)\u001b[22m\n\nExpected: \u001b[32m401\u001b[39m\nReceived: \u001b[31m500\u001b[39m\n\nNumber of calls: \u001b[31m1\u001b[39m\n    at Object.<anonymous> (C:\\Users\\romul\\OneDrive\\Área de Trabalho\\Projetos\\Eixo6-Back\\estante-infinita-backend\\estante-infinita-backend\\src\\controllers\\authController.test.ts:86:36)"],"fullName":"Auth Controller register login deve retornar erro 401 se o usuário não for encontrado","invocations":1,"location":null,"numPassingAsserts":0,"retryReasons":[],"startAt":1759443567743,"status":"failed","title":"deve retornar erro 401 se o usuário não for encontrado"},{"ancestorTitles":["Auth Controller","register","login"],"duration":5,"failing":false,"failureDetails":[{"matcherResult":{"message":"\u001b[2mexpect(\u001b[22m\u001b[31mjest.fn()\u001b[39m\u001b[2m).\u001b[22mtoHaveBeenCalledWith\u001b[2m(\u001b[22m\u001b[32m...expected\u001b[39m\u001b[2m)\u001b[22m\n\nExpected: \u001b[32m401\u001b[39m\nReceived: \u001b[31m500\u001b[39m\n\nNumber of calls: \u001b[31m1\u001b[39m","pass":false}}],"failureMessages":["Error: \u001b[2mexpect(\u001b[22m\u001b[31mjest.fn()\u001b[39m\u001b[2m).\u001b[22mtoHaveBeenCalledWith\u001b[2m(\u001b[22m\u001b[32m...expected\u001b[39m\u001b[2m)\u001b[22m\n\nExpected: \u001b[32m401\u001b[39m\nReceived: \u001b[31m500\u001b[39m\n\nNumber of calls: \u001b[31m1\u001b[39m\n    at Object.<anonymous> (C:\\Users\\romul\\OneDrive\\Área de Trabalho\\Projetos\\Eixo6-Back\\estante-infinita-backend\\estante-infinita-backend\\src\\controllers\\authController.test.ts:101:36)"],"fullName":"Auth Controller register login deve retornar erro 401 se a senha estiver incorreta","invocations":1,"location":null,"numPassingAsserts":0,"retryReasons":[],"startAt":1759443567748,"status":"failed","title":"deve retornar erro 401 se a senha estiver incorreta"}],"endTime":1759443567781,"message":"\u001b[1m\u001b[31m  \u001b[1m● \u001b[22m\u001b[1mAuth Controller › register › deve registrar um novo usuário com sucesso\u001b[39m\u001b[22m\n\n    \u001b[2mexpect(\u001b[22m\u001b[31mjest.fn()\u001b[39m\u001b[2m).\u001b[22mtoHaveBeenCalledWith\u001b[2m(\u001b[22m\u001b[32m...expected\u001b[39m\u001b[2m)\u001b[22m\n\n    Expected: \u001b[32m201\u001b[39m\n    Received: \u001b[31m500\u001b[39m\n\n    Number of calls: \u001b[31m1\u001b[39m\n\u001b[2m\u001b[22m\n\u001b[2m    \u001b[0m \u001b[90m 30 |\u001b[39m             \u001b[36mawait\u001b[39m authController\u001b[33m.\u001b[39mregister(req\u001b[33m,\u001b[39m res)\u001b[33m;\u001b[39m\u001b[22m\n\u001b[2m     \u001b[90m 31 |\u001b[39m\u001b[22m\n\u001b[2m    \u001b[31m\u001b[1m>\u001b[22m\u001b[2m\u001b[39m\u001b[90m 32 |\u001b[39m             expect(res\u001b[33m.\u001b[39mstatus)\u001b[33m.\u001b[39mtoHaveBeenCalledWith(\u001b[35m201\u001b[39m)\u001b[33m;\u001b[39m\u001b[22m\n\u001b[2m     \u001b[90m    |\u001b[39m                                \u001b[31m\u001b[1m^\u001b[22m\u001b[2m\u001b[39m\u001b[22m\n\u001b[2m     \u001b[90m 33 |\u001b[39m             expect(res\u001b[33m.\u001b[39mjson)\u001b[33m.\u001b[39mtoHaveBeenCalledWith(expect\u001b[33m.\u001b[39mobjectContaining({ name\u001b[33m:\u001b[39m \u001b[32m'Test User'\u001b[39m }))\u001b[33m;\u001b[39m\u001b[22m\n\u001b[2m     \u001b[90m 34 |\u001b[39m         })\u001b[33m;\u001b[39m\u001b[22m\n\u001b[2m     \u001b[90m 35 |\u001b[39m\u001b[0m\u001b[22m\n\u001b[2m\u001b[22m\n\u001b[2m      \u001b[2mat Object.<anonymous> (\u001b[22m\u001b[2m\u001b[0m\u001b[36msrc/controllers/authController.test.ts\u001b[39m\u001b[0m\u001b[2m:32:32)\u001b[22m\u001b[2m\u001b[22m\n\n\u001b[1m\u001b[31m  \u001b[1m● \u001b[22m\u001b[1mAuth Controller › register › deve retornar erro 409 se o e-mail já existir\u001b[39m\u001b[22m\n\n    \u001b[2mexpect(\u001b[22m\u001b[31mjest.fn()\u001b[39m\u001b[2m).\u001b[22mtoHaveBeenCalledWith\u001b[2m(\u001b[22m\u001b[32m...expected\u001b[39m\u001b[2m)\u001b[22m\n\n    Expected: \u001b[32m409\u001b[39m\n    Received: \u001b[31m500\u001b[39m\n\n    Number of calls: \u001b[31m1\u001b[39m\n\u001b[2m\u001b[22m\n\u001b[2m    \u001b[0m \u001b[90m 43 |\u001b[39m             \u001b[36mawait\u001b[39m authController\u001b[33m.\u001b[39mregister(req\u001b[33m,\u001b[39m res)\u001b[33m;\u001b[39m\u001b[22m\n\u001b[2m     \u001b[90m 44 |\u001b[39m\u001b[22m\n\u001b[2m    \u001b[31m\u001b[1m>\u001b[22m\u001b[2m\u001b[39m\u001b[90m 45 |\u001b[39m             expect(res\u001b[33m.\u001b[39mstatus)\u001b[33m.\u001b[39mtoHaveBeenCalledWith(\u001b[35m409\u001b[39m)\u001b[33m;\u001b[39m\u001b[22m\n\u001b[2m     \u001b[90m    |\u001b[39m                                \u001b[31m\u001b[1m^\u001b[22m\u001b[2m\u001b[39m\u001b[22m\n\u001b[2m     \u001b[90m 46 |\u001b[39m             expect(res\u001b[33m.\u001b[39mjson)\u001b[33m.\u001b[39mtoHaveBeenCalledWith({ error\u001b[33m:\u001b[39m \u001b[32m'Este e-mail já está em uso.'\u001b[39m })\u001b[33m;\u001b[39m\u001b[22m\n\u001b[2m     \u001b[90m 47 |\u001b[39m         })\u001b[33m;\u001b[39m\u001b[22m\n\u001b[2m     \u001b[90m 48 |\u001b[39m\u001b[0m\u001b[22m\n\u001b[2m\u001b[22m\n\u001b[2m      \u001b[2mat Object.<anonymous> (\u001b[22m\u001b[2m\u001b[0m\u001b[36msrc/controllers/authController.test.ts\u001b[39m\u001b[0m\u001b[2m:45:32)\u001b[22m\u001b[2m\u001b[22m\n\n\u001b[1m\u001b[31m  \u001b[1m● \u001b[22m\u001b[1mAuth Controller › register › login › deve autenticar o usuário e retornar um token com sucesso\u001b[39m\u001b[22m\n\n    \u001b[2mexpect(\u001b[22m\u001b[31mjest.fn()\u001b[39m\u001b[2m).\u001b[22mtoHaveBeenCalledWith\u001b[2m(\u001b[22m\u001b[32m...expected\u001b[39m\u001b[2m)\u001b[22m\n\n    Expected: \u001b[32m200\u001b[39m\n    Received: \u001b[31m500\u001b[39m\n\n    Number of calls: \u001b[31m1\u001b[39m\n\u001b[2m\u001b[22m\n\u001b[2m    \u001b[0m \u001b[90m 69 |\u001b[39m                 \u001b[36mawait\u001b[39m authController\u001b[33m.\u001b[39mlogin(req\u001b[33m,\u001b[39m res)\u001b[33m;\u001b[39m\u001b[22m\n\u001b[2m     \u001b[90m 70 |\u001b[39m\u001b[22m\n\u001b[2m    \u001b[31m\u001b[1m>\u001b[22m\u001b[2m\u001b[39m\u001b[90m 71 |\u001b[39m                 expect(res\u001b[33m.\u001b[39mstatus)\u001b[33m.\u001b[39mtoHaveBeenCalledWith(\u001b[35m200\u001b[39m)\u001b[33m;\u001b[39m\u001b[22m\n\u001b[2m     \u001b[90m    |\u001b[39m                                    \u001b[31m\u001b[1m^\u001b[22m\u001b[2m\u001b[39m\u001b[22m\n\u001b[2m     \u001b[90m 72 |\u001b[39m                 expect(res\u001b[33m.\u001b[39mjson)\u001b[33m.\u001b[39mtoHaveBeenCalledWith(expect\u001b[33m.\u001b[39mobjectContaining({\u001b[22m\n\u001b[2m     \u001b[90m 73 |\u001b[39m                     token\u001b[33m:\u001b[39m expect\u001b[33m.\u001b[39many(\u001b[33mString\u001b[39m)\u001b[33m,\u001b[39m \u001b[90m// Verificamos se um token (qualquer string) foi retornado\u001b[39m\u001b[22m\n\u001b[2m     \u001b[90m 74 |\u001b[39m                 }))\u001b[33m;\u001b[39m\u001b[0m\u001b[22m\n\u001b[2m\u001b[22m\n\u001b[2m      \u001b[2mat Object.<anonymous> (\u001b[22m\u001b[2m\u001b[0m\u001b[36msrc/controllers/authController.test.ts\u001b[39m\u001b[0m\u001b[2m:71:36)\u001b[22m\u001b[2m\u001b[22m\n\n\u001b[1m\u001b[31m  \u001b[1m● \u001b[22m\u001b[1mAuth Controller › register › login › deve retornar erro 401 se o usuário não for encontrado\u001b[39m\u001b[22m\n\n    \u001b[2mexpect(\u001b[22m\u001b[31mjest.fn()\u001b[39m\u001b[2m).\u001b[22mtoHaveBeenCalledWith\u001b[2m(\u001b[22m\u001b[32m...expected\u001b[39m\u001b[2m)\u001b[22m\n\n    Expected: \u001b[32m401\u001b[39m\n    Received: \u001b[31m500\u001b[39m\n\n    Number of calls: \u001b[31m1\u001b[39m\n\u001b[2m\u001b[22m\n\u001b[2m    \u001b[0m \u001b[90m 84 |\u001b[39m                 \u001b[36mawait\u001b[39m authController\u001b[33m.\u001b[39mlogin(req\u001b[33m,\u001b[39m res)\u001b[33m;\u001b[39m\u001b[22m\n\u001b[2m     \u001b[90m 85 |\u001b[39m\u001b[22m\n\u001b[2m    \u001b[31m\u001b[1m>\u001b[22m\u001b[2m\u001b[39m\u001b[90m 86 |\u001b[39m                 expect(res\u001b[33m.\u001b[39mstatus)\u001b[33m.\u001b[39mtoHaveBeenCalledWith(\u001b[35m401\u001b[39m)\u001b[33m;\u001b[39m\u001b[22m\n\u001b[2m     \u001b[90m    |\u001b[39m                                    \u001b[31m\u001b[1m^\u001b[22m\u001b[2m\u001b[39m\u001b[22m\n\u001b[2m     \u001b[90m 87 |\u001b[39m                 expect(res\u001b[33m.\u001b[39mjson)\u001b[33m.\u001b[39mtoHaveBeenCalledWith({ error\u001b[33m:\u001b[39m \u001b[32m'Credenciais inválidas.'\u001b[39m })\u001b[33m;\u001b[39m\u001b[22m\n\u001b[2m     \u001b[90m 88 |\u001b[39m             })\u001b[33m;\u001b[39m\u001b[22m\n\u001b[2m     \u001b[90m 89 |\u001b[39m\u001b[0m\u001b[22m\n\u001b[2m\u001b[22m\n\u001b[2m      \u001b[2mat Object.<anonymous> (\u001b[22m\u001b[2m\u001b[0m\u001b[36msrc/controllers/authController.test.ts\u001b[39m\u001b[0m\u001b[2m:86:36)\u001b[22m\u001b[2m\u001b[22m\n\n\u001b[1m\u001b[31m  \u001b[1m● \u001b[22m\u001b[1mAuth Controller › register › login › deve retornar erro 401 se a senha estiver incorreta\u001b[39m\u001b[22m\n\n    \u001b[2mexpect(\u001b[22m\u001b[31mjest.fn()\u001b[39m\u001b[2m).\u001b[22mtoHaveBeenCalledWith\u001b[2m(\u001b[22m\u001b[32m...expected\u001b[39m\u001b[2m)\u001b[22m\n\n    Expected: \u001b[32m401\u001b[39m\n    Received: \u001b[31m500\u001b[39m\n\n    Number of calls: \u001b[31m1\u001b[39m\n\u001b[2m\u001b[22m\n\u001b[2m    \u001b[0m \u001b[90m  99 |\u001b[39m                 \u001b[36mawait\u001b[39m authController\u001b[33m.\u001b[39mlogin(req\u001b[33m,\u001b[39m res)\u001b[33m;\u001b[39m\u001b[22m\n\u001b[2m     \u001b[90m 100 |\u001b[39m\u001b[22m\n\u001b[2m    \u001b[31m\u001b[1m>\u001b[22m\u001b[2m\u001b[39m\u001b[90m 101 |\u001b[39m                 expect(res\u001b[33m.\u001b[39mstatus)\u001b[33m.\u001b[39mtoHaveBeenCalledWith(\u001b[35m401\u001b[39m)\u001b[33m;\u001b[39m\u001b[22m\n\u001b[2m     \u001b[90m     |\u001b[39m                                    \u001b[31m\u001b[1m^\u001b[22m\u001b[2m\u001b[39m\u001b[22m\n\u001b[2m     \u001b[90m 102 |\u001b[39m                 expect(res\u001b[33m.\u001b[39mjson)\u001b[33m.\u001b[39mtoHaveBeenCalledWith({ error\u001b[33m:\u001b[39m \u001b[32m'Credenciais inválidas.'\u001b[39m })\u001b[33m;\u001b[39m\u001b[22m\n\u001b[2m     \u001b[90m 103 |\u001b[39m             })\u001b[33m;\u001b[39m\u001b[22m\n\u001b[2m     \u001b[90m 104 |\u001b[39m         })\u001b[33m;\u001b[39m\u001b[0m\u001b[22m\n\u001b[2m\u001b[22m\n\u001b[2m      \u001b[2mat Object.<anonymous> (\u001b[22m\u001b[2m\u001b[0m\u001b[36msrc/controllers/authController.test.ts\u001b[39m\u001b[0m\u001b[2m:101:36)\u001b[22m\u001b[2m\u001b[22m\n","name":"C:\\Users\\romul\\OneDrive\\Área de Trabalho\\Projetos\\Eixo6-Back\\estante-infinita-backend\\estante-infinita-backend\\src\\controllers\\authController.test.ts","startTime":1759443564186,"status":"failed","summary":""},{"assertionResults":[],"coverage":{},"endTime":1759443568495,"message":"  \u001b[1m● \u001b[22mTest suite failed to run\n\n    Your test suite must contain at least one test.\n\n      \u001b[2mat onResult (\u001b[22mnode_modules/@jest/core/build/index.js\u001b[2m:1056:18)\u001b[22m\n      \u001b[2mat \u001b[22mnode_modules/@jest/core/build/index.js\u001b[2m:1126:165\u001b[22m\n      \u001b[2mat \u001b[22mnode_modules/emittery/index.js\u001b[2m:363:13\u001b[22m\n          at Array.map (<anonymous>)\n      \u001b[2mat Emittery.emit (\u001b[22mnode_modules/emittery/index.js\u001b[2m:361:23)\u001b[22m\n","name":"C:\\Users\\romul\\OneDrive\\Área de Trabalho\\Projetos\\Eixo6-Back\\estante-infinita-backend\\estante-infinita-backend\\src\\__tests__\\singleton.ts","startTime":1759443568495,"status":"failed","summary":""},{"assertionResults":[],"coverage":{},"endTime":1759443568495,"message":"  \u001b[1m● \u001b[22mTest suite failed to run\n\n    \u001b[96msrc/controllers/anuncioController.test.ts\u001b[0m:\u001b[93m189\u001b[0m:\u001b[93m51\u001b[0m - \u001b[91merror\u001b[0m\u001b[90m TS2345: \u001b[0mArgument of type '{ id: number; titulo: string; autor: string; usuarioId: number; descricao: null; isbn: null; editora: null; ano: null; genero: string; preco: null; condicao: string; tipo: string; ativo: boolean; criadoEm: Date; atualizadoEm: Date; }' is not assignable to parameter of type '{ id: number; titulo: string; autor: string; descricao: string | null; isbn: string | null; editora: string | null; ano: number | null; genero: GENERO; preco: Decimal | null; ... 5 more ...; usuarioId: number; }'.\n      Types of property 'genero' are incompatible.\n        Type 'string' is not assignable to type 'GENERO'.\n\n    \u001b[7m189\u001b[0m   prismaMock.anuncio.findUnique.mockResolvedValue(mockAnuncio);\n    \u001b[7m   \u001b[0m \u001b[91m                                                  ~~~~~~~~~~~\u001b[0m\n    \u001b[96msrc/controllers/anuncioController.test.ts\u001b[0m:\u001b[93m235\u001b[0m:\u001b[93m51\u001b[0m - \u001b[91merror\u001b[0m\u001b[90m TS2345: \u001b[0mArgument of type '{ id: number; titulo: string; autor: string; usuarioId: number; descricao: null; isbn: null; editora: null; ano: null; genero: string; preco: null; condicao: string; tipo: string; ativo: boolean; criadoEm: Date; atualizadoEm: Date; }' is not assignable to parameter of type '{ id: number; titulo: string; autor: string; descricao: string | null; isbn: string | null; editora: string | null; ano: number | null; genero: GENERO; preco: Decimal | null; ... 5 more ...; usuarioId: number; }'.\n      Types of property 'genero' are incompatible.\n        Type 'string' is not assignable to type 'GENERO'.\n\n    \u001b[7m235\u001b[0m   prismaMock.anuncio.findUnique.mockResolvedValue(mockAnuncio);\n    \u001b[7m   \u001b[0m \u001b[91m                                                  ~~~~~~~~~~~\u001b[0m\n    \u001b[96msrc/controllers/anuncioController.test.ts\u001b[0m:\u001b[93m236\u001b[0m:\u001b[93m47\u001b[0m - \u001b[91merror\u001b[0m\u001b[90m TS2345: \u001b[0mArgument of type '{ id: number; titulo: string; autor: string; usuarioId: number; descricao: null; isbn: null; editora: null; ano: null; genero: string; preco: null; condicao: string; tipo: string; ativo: boolean; criadoEm: Date; atualizadoEm: Date; }' is not assignable to parameter of type '{ id: number; titulo: string; autor: string; descricao: string | null; isbn: string | null; editora: string | null; ano: number | null; genero: GENERO; preco: Decimal | null; ... 5 more ...; usuarioId: number; }'.\n      Types of property 'genero' are incompatible.\n        Type 'string' is not assignable to type 'GENERO'.\n\n    \u001b[7m236\u001b[0m   prismaMock.anuncio.delete.mockResolvedValue(mockAnuncio);\n    \u001b[7m   \u001b[0m \u001b[91m                                              ~~~~~~~~~~~\u001b[0m\n    \u001b[96msrc/controllers/anuncioController.test.ts\u001b[0m:\u001b[93m248\u001b[0m:\u001b[93m51\u001b[0m - \u001b[91merror\u001b[0m\u001b[90m TS2345: \u001b[0mArgument of type '{ id: number; titulo: string; autor: string; usuarioId: number; descricao: null; isbn: null; editora: null; ano: null; genero: string; preco: null; condicao: string; tipo: string; ativo: boolean; criadoEm: Date; atualizadoEm: Date; }' is not assignable to parameter of type '{ id: number; titulo: string; autor: string; descricao: string | null; isbn: string | null; editora: string | null; ano: number | null; genero: GENERO; preco: Decimal | null; ... 5 more ...; usuarioId: number; }'.\n      Types of property 'genero' are incompatible.\n        Type 'string' is not assignable to type 'GENERO'.\n\n    \u001b[7m248\u001b[0m   prismaMock.anuncio.findUnique.mockResolvedValue(mockAnuncio);\n    \u001b[7m   \u001b[0m \u001b[91m                                                  ~~~~~~~~~~~\u001b[0m\n","name":"C:\\Users\\romul\\OneDrive\\Área de Trabalho\\Projetos\\Eixo6-Back\\estante-infinita-backend\\estante-infinita-backend\\src\\controllers\\anuncioController.test.ts","startTime":1759443568495,"status":"failed","summary":""}],"wasInterrupted":false,"coverageMap":{"C:\\Users\\romul\\OneDrive\\Área de Trabalho\\Projetos\\Eixo6-Back\\estante-infinita-backend\\estante-infinita-backend\\src\\test-utils\\prismaMock.ts":{"path":"C:\\Users\\romul\\OneDrive\\Área de Trabalho\\Projetos\\Eixo6-Back\\estante-infinita-backend\\estante-infinita-backend\\src\\test-utils\\prismaMock.ts","statementMap":{"0":{"start":{"line":2,"column":0},"end":{"line":2,"column":56}},"1":{"start":{"line":5,"column":19},"end":{"line":5,"column":43}},"2":{"start":{"line":8,"column":31},"end":{"line":12,"column":1}},"3":{"start":{"line":9,"column":2},"end":{"line":11,"column":null}},"4":{"start":{"line":10,"column":4},"end":{"line":10,"column":null}},"5":{"start":{"line":8,"column":13},"end":{"line":8,"column":31}},"6":{"start":{"line":14,"column":0},"end":{"line":14,"column":null}}},"fnMap":{"0":{"name":"(anonymous_0)","decl":{"start":{"line":8,"column":31},"end":{"line":8,"column":34}},"loc":{"start":{"line":8,"column":36},"end":{"line":12,"column":1}}},"1":{"name":"(anonymous_1)","decl":{"start":{"line":9,"column":13},"end":{"line":9,"column":16}},"loc":{"start":{"line":9,"column":18},"end":{"line":11,"column":3}}}},"branchMap":{},"s":{"0":1,"1":1,"2":1,"3":1,"4":5,"5":1,"6":1},"f":{"0":1,"1":5},"b":{}},"C:\\Users\\romul\\OneDrive\\Área de Trabalho\\Projetos\\Eixo6-Back\\estante-infinita-backend\\estante-infinita-backend\\src\\controllers\\authController.ts":{"path":"C:\\Users\\romul\\OneDrive\\Área de Trabalho\\Projetos\\Eixo6-Back\\estante-infinita-backend\\estante-infinita-backend\\src\\controllers\\authController.ts","statementMap":{"0":{"start":{"line":2,"column":0},"end":{"line":2,"column":37}},"1":{"start":{"line":3,"column":0},"end":{"line":3,"column":30}},"2":{"start":{"line":4,"column":0},"end":{"line":4,"column":31}},"3":{"start":{"line":6,"column":24},"end":{"line":45,"column":1}},"4":{"start":{"line":8,"column":36},"end":{"line":8,"column":44}},"5":{"start":{"line":10,"column":2},"end":{"line":12,"column":3}},"6":{"start":{"line":11,"column":4},"end":{"line":11,"column":80}},"7":{"start":{"line":14,"column":2},"end":{"line":44,"column":3}},"8":{"start":{"line":15,"column":25},"end":{"line":15,"column":84}},"9":{"start":{"line":16,"column":4},"end":{"line":18,"column":5}},"10":{"start":{"line":17,"column":6},"end":{"line":17,"column":76}},"11":{"start":{"line":20,"column":27},"end":{"line":20,"column":58}},"12":{"start":{"line":23,"column":20},"end":{"line":29,"column":6}},"13":{"start":{"line":32,"column":32},"end":{"line":38,"column":6}},"14":{"start":{"line":40,"column":4},"end":{"line":40,"column":46}},"15":{"start":{"line":42,"column":4},"end":{"line":42,"column":46}},"16":{"start":{"line":43,"column":4},"end":{"line":43,"column":77}},"17":{"start":{"line":6,"column":13},"end":{"line":6,"column":24}},"18":{"start":{"line":47,"column":21},"end":{"line":82,"column":1}},"19":{"start":{"line":48,"column":30},"end":{"line":48,"column":38}},"20":{"start":{"line":50,"column":2},"end":{"line":52,"column":3}},"21":{"start":{"line":51,"column":4},"end":{"line":51,"column":81}},"22":{"start":{"line":54,"column":2},"end":{"line":81,"column":3}},"23":{"start":{"line":56,"column":17},"end":{"line":56,"column":76}},"24":{"start":{"line":57,"column":4},"end":{"line":59,"column":5}},"25":{"start":{"line":58,"column":6},"end":{"line":58,"column":71}},"26":{"start":{"line":62,"column":17},"end":{"line":62,"column":44}},"27":{"start":{"line":64,"column":28},"end":{"line":64,"column":64}},"28":{"start":{"line":65,"column":4},"end":{"line":67,"column":5}},"29":{"start":{"line":66,"column":6},"end":{"line":66,"column":71}},"30":{"start":{"line":69,"column":4},"end":{"line":71,"column":5}},"31":{"start":{"line":70,"column":6},"end":{"line":70,"column":73}},"32":{"start":{"line":73,"column":18},"end":{"line":75,"column":6}},"33":{"start":{"line":77,"column":4},"end":{"line":77,"column":36}},"34":{"start":{"line":79,"column":4},"end":{"line":79,"column":43}},"35":{"start":{"line":80,"column":4},"end":{"line":80,"column":71}},"36":{"start":{"line":47,"column":13},"end":{"line":47,"column":21}}},"fnMap":{"0":{"name":"(anonymous_1)","decl":{"start":{"line":6,"column":24},"end":{"line":6,"column":29}},"loc":{"start":{"line":6,"column":62},"end":{"line":45,"column":1}}},"1":{"name":"(anonymous_2)","decl":{"start":{"line":47,"column":21},"end":{"line":47,"column":26}},"loc":{"start":{"line":47,"column":59},"end":{"line":82,"column":1}}}},"branchMap":{"0":{"loc":{"start":{"line":10,"column":2},"end":{"line":12,"column":3}},"type":"if","locations":[{"start":{"line":10,"column":2},"end":{"line":12,"column":3}},{"start":{},"end":{}}]},"1":{"loc":{"start":{"line":10,"column":6},"end":{"line":10,"column":34}},"type":"binary-expr","locations":[{"start":{"line":10,"column":6},"end":{"line":10,"column":11}},{"start":{"line":10,"column":15},"end":{"line":10,"column":21}},{"start":{"line":10,"column":25},"end":{"line":10,"column":34}}]},"2":{"loc":{"start":{"line":16,"column":4},"end":{"line":18,"column":5}},"type":"if","locations":[{"start":{"line":16,"column":4},"end":{"line":18,"column":5}},{"start":{},"end":{}}]},"3":{"loc":{"start":{"line":34,"column":12},"end":{"line":34,"column":32}},"type":"binary-expr","locations":[{"start":{"line":34,"column":12},"end":{"line":34,"column":24}},{"start":{"line":34,"column":28},"end":{"line":34,"column":32}}]},"4":{"loc":{"start":{"line":50,"column":2},"end":{"line":52,"column":3}},"type":"if","locations":[{"start":{"line":50,"column":2},"end":{"line":52,"column":3}},{"start":{},"end":{}}]},"5":{"loc":{"start":{"line":50,"column":6},"end":{"line":50,"column":25}},"type":"binary-expr","locations":[{"start":{"line":50,"column":6},"end":{"line":50,"column":12}},{"start":{"line":50,"column":16},"end":{"line":50,"column":25}}]},"6":{"loc":{"start":{"line":57,"column":4},"end":{"line":59,"column":5}},"type":"if","locations":[{"start":{"line":57,"column":4},"end":{"line":59,"column":5}},{"start":{},"end":{}}]},"7":{"loc":{"start":{"line":62,"column":17},"end":{"line":62,"column":44}},"type":"binary-expr","locations":[{"start":{"line":62,"column":17},"end":{"line":62,"column":27}},{"start":{"line":62,"column":31},"end":{"line":62,"column":44}}]},"8":{"loc":{"start":{"line":65,"column":4},"end":{"line":67,"column":5}},"type":"if","locations":[{"start":{"line":65,"column":4},"end":{"line":67,"column":5}},{"start":{},"end":{}}]},"9":{"loc":{"start":{"line":69,"column":4},"end":{"line":71,"column":5}},"type":"if","locations":[{"start":{"line":69,"column":4},"end":{"line":71,"column":5}},{"start":{},"end":{}}]}},"s":{"0":1,"1":1,"2":1,"3":1,"4":2,"5":2,"6":0,"7":2,"8":2,"9":0,"10":0,"11":0,"12":0,"13":0,"14":0,"15":2,"16":2,"17":1,"18":1,"19":3,"20":3,"21":0,"22":3,"23":3,"24":0,"25":0,"26":0,"27":0,"28":0,"29":0,"30":0,"31":0,"32":0,"33":0,"34":3,"35":3,"36":1},"f":{"0":2,"1":3},"b":{"0":[0,2],"1":[2,2,2],"2":[0,0],"3":[0,0],"4":[0,3],"5":[3,3],"6":[0,0],"7":[0,0],"8":[0,0],"9":[0,0]}},"C:\\Users\\romul\\OneDrive\\Área de Trabalho\\Projetos\\Eixo6-Back\\estante-infinita-backend\\estante-infinita-backend\\src\\lib\\prisma.ts":{"path":"C:\\Users\\romul\\OneDrive\\Área de Trabalho\\Projetos\\Eixo6-Back\\estante-infinita-backend\\estante-infinita-backend\\src\\lib\\prisma.ts","statementMap":{"0":{"start":{"line":2,"column":0},"end":{"line":2,"column":46}},"1":{"start":{"line":3,"column":15},"end":{"line":3,"column":33}},"2":{"start":{"line":4,"column":0},"end":{"line":4,"column":22}}},"fnMap":{},"branchMap":{},"s":{"0":1,"1":1,"2":1},"f":{},"b":{}}}}
